<?xml version="1.0" encoding="UTF-8"?>
<!-- Generated by org.testng.reporters.JUnitReportReporter -->
<testsuite skipped="0" hostname="CDC2-L-9W9RMW2" name="com.runner.runner" tests="1" failures="0" timestamp="27 May 2020 05:55:07 GMT" time="20.264" errors="0">
  <testcase name="run_cukes" time="20.264" classname="com.runner.runner"/>
</testsuite> <!-- com.runner.runner -->
