<?xml version="1.0" encoding="UTF-8"?>
<!-- Generated by org.testng.reporters.JUnitReportReporter -->
<testsuite skipped="1" hostname="CDC2-L-9W9RMW2" name="com.runner.runner" tests="1" failures="0" timestamp="21 May 2020 05:22:12 GMT" time="105.629" errors="0">
  <testcase name="run_cukes" time="105.629" classname="com.runner.runner">
    <skipped/>
  </testcase> <!-- run_cukes -->
</testsuite> <!-- com.runner.runner -->
